SF:lib/app/shared_pref/token_shared_pref.dart
DA:13,1
DA:16,0
DA:18,0
DA:21,0
DA:25,0
DA:27,0
DA:28,0
DA:30,0
DA:34,0
DA:36,0
DA:39,0
LF:11
LH:1
end_of_record
SF:lib/core/error/failure.dart
DA:7,2
DA:9,0
DA:10,0
DA:14,0
DA:19,0
DA:23,0
DA:27,0
DA:28,0
LF:8
LH:1
end_of_record
SF:lib/features/auth/domain/use_case/user_login_usecase.dart
DA:12,1
DA:14,1
DA:15,3
DA:22,2
DA:28,1
DA:30,2
DA:31,1
DA:32,1
DA:34,4
DA:35,2
DA:36,1
LF:11
LH:11
end_of_record
SF:lib/features/auth/domain/entity/user_entity.dart
DA:11,0
DA:20,0
DA:21,0
DA:22,0
DA:23,0
DA:24,0
DA:25,0
DA:26,0
DA:27,0
LF:9
LH:0
end_of_record
SF:lib/features/auth/domain/use_case/user_register_usecase.dart
DA:15,1
DA:23,1
DA:24,1
DA:25,1
DA:26,1
DA:27,1
DA:28,1
DA:29,1
DA:37,1
DA:40,0
DA:42,0
DA:43,0
DA:44,0
DA:45,0
DA:46,0
DA:47,0
DA:49,0
LF:17
LH:9
end_of_record
SF:lib/features/auth/presentation/view_model/login_view_model/login_view_model.dart
DA:90,2
DA:91,2
DA:92,2
DA:95,0
DA:99,0
DA:101,0
DA:102,0
DA:105,0
DA:106,0
DA:107,0
DA:108,0
DA:109,0
DA:110,0
DA:114,0
DA:115,0
DA:116,0
DA:117,0
DA:122,0
DA:125,0
DA:126,0
DA:127,0
DA:128,0
DA:130,0
DA:136,0
DA:140,0
DA:141,0
DA:142,0
DA:143,0
DA:144,0
DA:151,0
DA:153,0
DA:156,0
DA:157,0
DA:158,0
DA:160,0
DA:161,0
DA:162,0
DA:164,0
LF:38
LH:3
end_of_record
SF:lib/features/auth/presentation/view_model/login_view_model/login_event.dart
DA:9,0
DA:17,0
LF:2
LH:0
end_of_record
SF:lib/features/auth/presentation/view_model/login_view_model/login_state.dart
DA:7,0
DA:9,5
DA:13,0
DA:14,0
DA:15,0
DA:16,0
DA:20,0
DA:21,0
LF:8
LH:1
end_of_record
SF:lib/app/constant/api_endpoints.dart
DA:2,0
DA:18,0
DA:27,0
DA:33,0
DA:35,0
DA:36,0
DA:47,0
DA:52,0
DA:53,0
LF:9
LH:0
end_of_record
SF:lib/app/constant/hive_table_constant.dart
DA:2,0
LF:1
LH:0
end_of_record
SF:lib/app/service_locator/service_locator.dart
DA:63,3
DA:66,0
DA:68,0
DA:71,0
DA:72,0
DA:74,0
DA:76,0
DA:78,0
DA:80,0
DA:82,0
DA:84,0
DA:86,0
DA:91,0
DA:93,0
DA:94,0
DA:97,0
DA:100,0
DA:101,0
DA:102,0
DA:103,0
DA:106,0
DA:110,0
DA:113,0
DA:114,0
DA:116,0
DA:117,0
DA:124,0
DA:125,0
DA:126,0
DA:130,0
DA:131,0
DA:132,0
DA:137,0
DA:138,0
DA:140,0
DA:141,0
DA:142,0
DA:143,0
DA:148,0
DA:149,0
DA:151,0
DA:152,0
DA:157,0
DA:160,0
DA:162,0
DA:168,0
DA:170,0
DA:171,0
DA:175,0
DA:176,0
DA:177,0
DA:182,0
DA:183,0
DA:184,0
DA:188,0
DA:189,0
DA:190,0
DA:194,0
DA:195,0
DA:196,0
DA:201,0
DA:202,0
DA:203,0
DA:204,0
DA:205,0
DA:212,0
DA:214,0
DA:215,0
DA:219,0
DA:220,0
DA:221,0
DA:226,0
DA:227,0
DA:228,0
DA:233,0
DA:234,0
DA:235,0
DA:242,0
DA:244,0
DA:245,0
DA:246,0
DA:247,0
DA:252,0
DA:253,0
DA:254,0
DA:259,0
DA:260,0
DA:261,0
DA:266,0
DA:267,0
DA:268,0
DA:275,0
DA:277,0
DA:278,0
DA:279,0
DA:280,0
DA:285,0
DA:286,0
DA:287,0
DA:292,0
DA:293,0
DA:294,0
DA:298,0
DA:299,0
DA:300,0
DA:305,0
DA:306,0
DA:307,0
DA:308,0
DA:315,0
DA:317,0
DA:318,0
DA:319,0
DA:320,0
DA:325,0
DA:326,0
DA:327,0
DA:332,0
DA:333,0
DA:336,0
DA:337,0
DA:341,0
DA:342,0
DA:343,0
DA:344,0
DA:351,0
DA:353,0
DA:354,0
DA:355,0
DA:356,0
DA:361,0
DA:362,0
DA:363,0
DA:368,0
DA:369,0
DA:370,0
DA:375,0
DA:376,0
DA:377,0
DA:383,0
DA:385,0
DA:386,0
DA:387,0
LF:143
LH:1
end_of_record
SF:lib/core/network/api_service.dart
DA:8,0
DA:10,0
DA:11,0
DA:12,0
DA:13,0
DA:14,0
DA:15,0
DA:16,0
DA:17,0
DA:23,0
LF:10
LH:0
end_of_record
SF:lib/core/network/hive_service.dart
DA:7,0
DA:8,0
DA:9,0
DA:11,0
DA:13,0
DA:16,0
DA:17,0
DA:20,0
DA:23,0
DA:24,0
DA:27,0
DA:28,0
DA:29,0
DA:31,0
DA:35,0
DA:36,0
DA:37,0
DA:40,0
DA:41,0
LF:19
LH:0
end_of_record
SF:lib/features/auth/data/data_source/local_datasource/user_local_data_source.dart
DA:9,0
DA:12,0
DA:15,0
DA:19,0
DA:22,0
DA:26,0
DA:29,0
DA:30,0
DA:32,0
LF:9
LH:0
end_of_record
SF:lib/features/auth/data/data_source/remote_data_source/user_remote_data_source.dart
DA:10,0
DA:13,0
DA:16,0
DA:18,0
DA:20,0
DA:21,0
DA:23,0
DA:25,0
DA:26,0
DA:28,0
DA:32,0
DA:35,0
DA:36,0
DA:38,0
DA:40,0
DA:41,0
DA:42,0
DA:45,0
DA:46,0
DA:48,0
LF:20
LH:0
end_of_record
SF:lib/features/auth/data/repository/local_repository/user_local_repository.dart
DA:10,0
DA:14,0
DA:17,0
DA:18,0
DA:20,0
DA:24,0
DA:27,0
DA:30,0
LF:8
LH:0
end_of_record
SF:lib/features/auth/data/repository/remote_repository/user_remote_repository.dart
DA:10,0
DA:14,0
DA:17,0
DA:18,0
DA:20,0
DA:24,0
DA:27,0
DA:30,0
LF:8
LH:0
end_of_record
SF:lib/features/auth/presentation/view_model/register_view_model/register_view_model.dart
DA:11,0
DA:13,0
DA:14,0
DA:17,0
DA:21,0
DA:23,0
DA:24,0
DA:25,0
DA:26,0
DA:27,0
DA:28,0
DA:29,0
DA:33,0
DA:34,0
DA:35,0
DA:36,0
DA:37,0
DA:38,0
DA:42,0
DA:43,0
DA:44,0
DA:45,0
DA:49,0
DA:50,0
LF:24
LH:0
end_of_record
SF:lib/features/dashboard/data/data_source/remote_data_source/dashboard_remote_data_source.dart
DA:17,0
DA:20,0
DA:23,0
DA:24,0
DA:25,0
DA:26,0
DA:28,0
DA:31,0
DA:35,0
DA:38,0
DA:39,0
DA:40,0
DA:41,0
DA:43,0
DA:46,0
DA:50,0
DA:53,0
DA:54,0
DA:55,0
DA:56,0
DA:58,0
DA:61,0
LF:22
LH:0
end_of_record
SF:lib/features/dashboard/data/repository/remote_repository/dashboard_remote_repository_impl.dart
DA:12,0
DA:16,0
DA:19,0
DA:20,0
DA:22,0
DA:26,0
DA:29,0
DA:30,0
DA:32,0
DA:36,0
DA:39,0
DA:40,0
DA:42,0
LF:13
LH:0
end_of_record
SF:lib/features/dashboard/domain/use_case/get_all_collections_usecase.dart
DA:9,1
DA:11,1
DA:12,2
LF:3
LH:3
end_of_record
SF:lib/features/dashboard/domain/use_case/get_all_creators_usecase.dart
DA:9,0
DA:11,0
DA:12,0
LF:3
LH:0
end_of_record
SF:lib/features/dashboard/domain/use_case/get_available_products_usecase.dart
DA:9,0
DA:11,0
DA:12,0
LF:3
LH:0
end_of_record
SF:lib/features/dashboard/presentation/view_model/dashboard_view_model.dart
DA:84,0
DA:88,0
DA:89,0
DA:92,0
DA:96,0
DA:97,0
DA:99,0
DA:100,0
DA:103,0
DA:104,0
DA:105,0
DA:107,0
DA:108,0
DA:109,0
DA:111,0
DA:112,0
DA:113,0
DA:115,0
DA:116,0
DA:117,0
DA:119,0
DA:121,0
DA:128,0
DA:130,0
DA:131,0
DA:135,0
DA:136,0
DA:139,0
DA:142,0
DA:143,0
DA:144,0
DA:146,0
DA:147,0
DA:148,0
DA:149,0
DA:153,0
DA:154,0
DA:155,0
DA:156,0
DA:161,0
DA:165,0
DA:166,0
DA:167,0
DA:168,0
DA:170,0
DA:174,0
DA:176,0
DA:177,0
DA:178,0
DA:182,0
DA:185,0
DA:188,0
DA:191,0
DA:193,0
DA:194,0
DA:195,0
DA:199,0
DA:205,0
DA:206,0
DA:209,0
DA:212,0
DA:213,0
DA:216,0
DA:218,0
DA:219,0
DA:220,0
DA:224,0
DA:227,0
DA:230,0
DA:233,0
DA:235,0
DA:236,0
DA:237,0
DA:241,0
LF:74
LH:0
end_of_record
SF:lib/features/navigation/view_model/navigation_cubit.dart
DA:5,2
DA:7,1
DA:8,1
DA:11,2
DA:12,2
DA:13,2
DA:14,2
DA:15,2
LF:8
LH:8
end_of_record
SF:lib/features/owned_products/data/data_source/remote_datasource/owned_products_remote_data_source_impl.dart
DA:13,0
DA:18,0
DA:23,0
DA:24,0
DA:25,0
DA:26,0
DA:30,0
DA:33,0
DA:35,0
DA:36,0
DA:37,0
DA:42,0
DA:43,0
DA:44,0
DA:45,0
DA:47,0
DA:48,0
DA:49,0
DA:51,0
DA:52,0
DA:56,0
DA:57,0
DA:60,0
DA:61,0
DA:62,0
DA:67,0
DA:72,0
DA:73,0
DA:74,0
DA:75,0
DA:79,0
DA:82,0
DA:83,0
DA:84,0
DA:85,0
DA:87,0
DA:88,0
DA:89,0
DA:94,0
DA:95,0
DA:96,0
DA:97,0
DA:99,0
DA:100,0
DA:104,0
DA:105,0
DA:108,0
DA:109,0
DA:110,0
LF:49
LH:0
end_of_record
SF:lib/features/owned_products/data/repository/remote_repository/owned_products_remote_repository.dart
DA:11,0
DA:15,0
DA:17,0
DA:20,0
DA:22,0
LF:5
LH:0
end_of_record
SF:lib/features/owned_products/domain/use_case/get_my_owned_products_usecase.dart
DA:10,0
DA:12,0
DA:13,0
LF:3
LH:0
end_of_record
SF:lib/features/owned_products/domain/use_case/resell_product_usecase.dart
DA:9,0
DA:11,0
DA:12,0
LF:3
LH:0
end_of_record
SF:lib/features/owned_products/presentation/view_model/owned_products_bloc.dart
DA:12,0
DA:17,0
DA:18,0
DA:19,0
DA:22,0
DA:26,0
DA:28,0
DA:29,0
DA:30,0
DA:31,0
DA:35,0
DA:39,0
DA:41,0
DA:42,0
DA:43,0
DA:44,0
DA:45,0
DA:47,0
LF:18
LH:0
end_of_record
SF:lib/features/permission_creator/data/data_source/remote_datasource/transfer_request_remote_datasource_impl.dart
DA:76,0
DA:81,0
DA:83,0
DA:84,0
DA:85,0
DA:86,0
DA:89,0
DA:92,0
DA:93,0
DA:94,0
DA:100,0
DA:101,0
DA:102,0
DA:104,0
DA:108,0
DA:110,0
DA:111,0
DA:112,0
DA:113,0
DA:116,0
DA:118,0
DA:119,0
DA:120,0
DA:121,0
DA:122,0
DA:128,0
DA:129,0
LF:27
LH:0
end_of_record
SF:lib/features/permission_creator/data/repository/remote_repository/transfer_request_repository_impl.dart
DA:11,0
DA:13,0
DA:16,0
DA:17,0
DA:19,0
DA:23,0
DA:26,0
DA:29,0
LF:8
LH:0
end_of_record
SF:lib/features/permission_creator/domain/use_case/get_incoming_transfer_requests.dart
DA:21,0
DA:23,0
DA:25,0
LF:3
LH:0
end_of_record
SF:lib/features/permission_creator/domain/use_case/respond_to_transfer_request.dart
DA:11,0
DA:13,0
DA:15,0
DA:23,0
DA:28,0
DA:29,0
LF:6
LH:0
end_of_record
SF:lib/features/permission_creator/presentation/view_model/permission_creator_view_model.dart
DA:12,0
DA:24,0
DA:25,0
DA:26,0
DA:27,0
DA:28,0
DA:31,0
DA:32,0
DA:33,0
DA:35,0
DA:37,0
DA:38,0
DA:39,0
DA:42,0
DA:46,0
DA:47,0
DA:48,0
DA:50,0
DA:51,0
DA:54,0
DA:55,0
DA:56,0
DA:61,0
DA:62,0
DA:66,0
DA:67,0
DA:71,0
DA:72,0
DA:73,0
DA:76,0
DA:77,0
DA:78,0
DA:81,0
DA:82,0
DA:83,0
DA:86,0
DA:87,0
DA:88,0
DA:92,0
DA:94,0
LF:40
LH:0
end_of_record
SF:lib/features/product_details/data/data_source/remote_datasource/product_detail_remote_data_source_impl.dart
DA:13,0
DA:19,0
DA:23,0
DA:25,0
DA:26,0
DA:27,0
DA:28,0
DA:34,0
DA:35,0
DA:36,0
DA:37,0
DA:38,0
DA:44,0
DA:45,0
DA:47,0
DA:48,0
DA:49,0
DA:50,0
DA:52,0
DA:55,0
DA:57,0
DA:58,0
DA:59,0
DA:60,0
DA:61,0
DA:63,0
DA:65,0
DA:71,0
LF:28
LH:0
end_of_record
SF:lib/features/product_details/data/repository/remote_repository/product_detail_remote_repository.dart
DA:10,0
DA:14,0
DA:16,0
DA:18,0
DA:19,0
DA:20,0
LF:6
LH:0
end_of_record
SF:lib/features/product_details/domain/use_case/get_product_by_id_use_case.dart
DA:8,0
DA:11,0
DA:12,0
DA:16,0
LF:4
LH:0
end_of_record
SF:lib/features/product_details/presentation/view_model/product_detail_view_model.dart
DA:9,0
DA:12,0
DA:14,0
DA:17,0
DA:21,0
DA:23,0
DA:25,0
DA:26,0
DA:27,0
LF:9
LH:0
end_of_record
SF:lib/features/profile/presentation/view_model/profile_view_model.dart
DA:8,0
DA:12,0
DA:14,0
DA:15,0
DA:17,0
DA:18,0
DA:23,0
DA:24,0
DA:25,0
DA:27,0
DA:29,0
DA:30,0
DA:31,0
DA:32,0
DA:33,0
DA:35,0
DA:36,0
DA:37,0
DA:38,0
DA:45,0
DA:46,0
DA:50,0
DA:51,0
DA:52,0
DA:55,0
DA:56,0
DA:57,0
DA:58,0
DA:59,0
DA:60,0
DA:61,0
DA:62,0
DA:63,0
DA:64,0
DA:68,0
DA:69,0
DA:73,0
DA:75,0
DA:79,0
DA:83,0
DA:84,0
DA:85,0
DA:87,0
DA:88,0
DA:89,0
DA:90,0
LF:46
LH:0
end_of_record
SF:lib/features/s_marketplace/data/data_source/remote_data_source/request_transfer_remote_datasource_impl.dart
DA:13,0
DA:20,0
DA:24,0
DA:26,0
DA:27,0
DA:28,0
DA:31,0
DA:32,0
DA:36,0
DA:37,0
DA:39,0
DA:41,0
DA:43,0
DA:44,0
DA:45,0
DA:51,0
DA:52,0
DA:54,0
DA:56,0
DA:57,0
DA:58,0
DA:59,0
DA:61,0
DA:63,0
DA:64,0
DA:65,0
DA:67,0
DA:71,0
DA:72,0
DA:73,0
DA:74,0
DA:75,0
DA:76,0
DA:79,0
DA:81,0
DA:82,0
LF:36
LH:0
end_of_record
SF:lib/features/s_marketplace/data/data_source/remote_data_source/s_marketplace_remote_data_source.dart
DA:10,0
DA:13,0
DA:16,0
DA:18,0
DA:19,0
DA:21,0
DA:23,0
DA:24,0
DA:26,0
LF:9
LH:0
end_of_record
SF:lib/features/s_marketplace/data/repository/remote_repository/request_transfer_repository_impl.dart
DA:9,0
DA:13,0
DA:16,0
DA:18,0
DA:19,0
DA:20,0
DA:23,0
LF:7
LH:0
end_of_record
SF:lib/features/s_marketplace/data/repository/remote_repository/s_marketplace_remote_repository.dart
DA:10,0
DA:14,0
DA:17,0
DA:18,0
DA:19,0
DA:21,0
LF:6
LH:0
end_of_record
SF:lib/features/s_marketplace/domain/usecase/get_sold_products_usecase.dart
DA:10,0
DA:14,0
DA:16,0
DA:17,0
DA:18,0
DA:19,0
LF:6
LH:0
end_of_record
SF:lib/features/s_marketplace/presentation/cubit/request_transfer_cubit.dart
DA:9,0
DA:11,0
DA:14,0
DA:17,0
DA:20,0
DA:23,0
DA:24,0
DA:25,0
DA:29,0
DA:30,0
DA:36,0
DA:37,0
DA:44,0
DA:45,0
DA:49,0
DA:50,0
DA:51,0
DA:55,0
DA:56,0
DA:58,0
DA:60,0
DA:62,0
LF:22
LH:0
end_of_record
SF:lib/features/s_marketplace/presentation/view_model/s_marketplace_view_model.dart
DA:11,0
DA:12,0
DA:13,0
DA:14,0
DA:15,0
DA:18,0
DA:22,0
DA:24,0
DA:26,0
DA:27,0
DA:28,0
DA:31,0
DA:34,0
DA:35,0
DA:38,0
DA:45,0
DA:50,0
DA:52,0
DA:53,0
DA:54,0
DA:56,0
DA:59,0
DA:60,0
DA:62,0
DA:69,0
DA:74,0
DA:75,0
DA:76,0
DA:94,0
DA:95,0
DA:96,0
LF:31
LH:0
end_of_record
SF:lib/features/splash/presentation/view_model/splash_view_model.dart
DA:9,0
DA:10,0
DA:13,0
DA:18,0
DA:20,0
DA:22,0
DA:23,0
DA:25,0
DA:27,0
DA:29,0
DA:30,0
DA:33,0
LF:12
LH:0
end_of_record
SF:lib/features/s_marketplace/domain/usecase/request_product_transfer_usecase.dart
DA:9,0
DA:17,0
DA:20,0
DA:21,0
DA:25,0
DA:27,0
DA:32,0
DA:33,0
LF:8
LH:0
end_of_record
SF:lib/core/common/snackbar/my_snack_bar.dart
DA:3,0
DA:8,0
DA:9,0
DA:10,0
LF:4
LH:0
end_of_record
SF:lib/core/network/dio_error_interceptor.dart
DA:4,0
DA:8,0
DA:9,0
DA:10,0
DA:11,0
DA:12,0
DA:21,0
DA:22,0
DA:23,0
DA:25,0
DA:28,0
LF:11
LH:0
end_of_record
SF:lib/features/auth/data/model/user_hive_model.dart
DA:29,0
DA:36,0
DA:38,0
DA:39,0
DA:40,0
DA:41,0
DA:42,0
DA:43,0
DA:44,0
DA:47,0
DA:48,0
DA:49,0
DA:50,0
DA:51,0
DA:52,0
DA:53,0
DA:56,0
DA:57,0
LF:18
LH:0
end_of_record
SF:lib/features/auth/data/model/user_hive_model.g.dart
DA:13,0
DA:15,0
DA:16,0
DA:17,0
DA:19,0
DA:20,0
DA:21,0
DA:22,0
DA:23,0
DA:24,0
DA:25,0
DA:29,0
DA:32,0
DA:33,0
DA:34,0
DA:35,0
DA:36,0
DA:37,0
DA:38,0
DA:39,0
DA:40,0
DA:41,0
DA:42,0
DA:43,0
DA:44,0
DA:47,0
DA:48,0
DA:50,0
DA:53,0
DA:54,0
DA:55,0
LF:31
LH:0
end_of_record
SF:lib/core/usecases/usecase.dart
DA:11,0
DA:12,0
LF:2
LH:0
end_of_record
SF:lib/core/utils/backend_image.dart
DA:3,1
DA:4,1
DA:9,1
DA:12,1
DA:13,2
DA:16,1
DA:17,0
DA:21,1
DA:22,0
DA:25,1
DA:26,2
LF:11
LH:9
end_of_record
SF:lib/features/auth/data/model/user_api_model.dart
DA:17,0
DA:26,0
DA:27,0
DA:29,0
DA:31,0
DA:32,0
DA:33,0
DA:34,0
DA:35,0
DA:36,0
DA:37,0
DA:38,0
DA:42,0
DA:43,0
DA:44,0
DA:45,0
DA:46,0
DA:47,0
DA:48,0
DA:49,0
LF:20
LH:0
end_of_record
SF:lib/features/auth/data/model/user_api_model.g.dart
DA:9,0
DA:10,0
DA:11,0
DA:12,0
DA:13,0
DA:14,0
DA:15,0
DA:18,0
DA:19,0
DA:20,0
DA:21,0
DA:22,0
DA:23,0
DA:24,0
DA:25,0
LF:15
LH:0
end_of_record
SF:lib/features/auth/presentation/view/login_page_view.dart
DA:214,12
DA:216,0
DA:217,0
DA:232,0
DA:234,0
DA:235,0
DA:236,0
DA:239,0
DA:241,0
DA:243,0
DA:245,0
DA:246,0
DA:247,0
DA:251,0
DA:252,0
DA:253,0
DA:259,0
DA:260,0
DA:261,0
DA:262,0
DA:263,0
DA:265,0
DA:266,0
DA:267,0
DA:272,0
DA:274,0
DA:283,0
DA:286,0
DA:290,0
DA:291,0
DA:292,0
DA:293,0
DA:296,0
DA:297,0
DA:298,0
DA:304,0
DA:308,0
DA:309,0
DA:310,0
DA:311,0
DA:317,0
DA:319,0
DA:320,0
DA:321,0
DA:323,0
DA:337,0
DA:338,0
DA:339,0
DA:341,0
DA:344,0
DA:345,0
DA:346,0
DA:347,0
DA:348,0
DA:349,0
DA:350,0
DA:356,0
DA:357,0
DA:358,0
DA:360,0
DA:381,0
DA:382,0
DA:385,0
DA:386,0
DA:387,0
DA:391,0
DA:392,0
DA:395,0
DA:404,0
DA:405,0
DA:406,0
DA:407,0
DA:408,0
DA:411,0
DA:413,0
DA:415,0
DA:416,0
DA:420,0
DA:421,0
DA:422,0
DA:431,0
DA:432,0
DA:434,0
DA:439,0
DA:440,0
DA:441,0
DA:445,0
DA:446,0
DA:447,0
DA:451,0
DA:454,0
DA:455,0
DA:456,0
DA:458,0
DA:462,0
DA:463,0
DA:464,0
DA:467,0
DA:468,0
DA:469,0
DA:474,0
DA:475,0
DA:476,0
DA:480,0
DA:481,0
DA:483,0
DA:486,0
DA:488,0
DA:489,0
DA:496,0
DA:499,0
DA:502,0
DA:503,0
DA:505,0
DA:506,0
DA:509,0
DA:510,0
DA:511,0
DA:512,0
DA:514,0
DA:515,0
DA:526,0
DA:529,0
DA:530,0
DA:533,0
DA:534,0
DA:540,0
DA:541,0
DA:542,0
DA:544,0
DA:545,0
DA:565,0
DA:567,0
DA:568,0
DA:569,0
LF:135
LH:1
end_of_record
SF:lib/features/auth/presentation/view/signup_page_view.dart
DA:225,8
DA:229,0
DA:230,0
DA:241,0
DA:243,0
DA:244,0
DA:245,0
DA:247,0
DA:261,0
DA:262,0
DA:263,0
DA:265,0
DA:268,0
DA:269,0
DA:270,0
DA:271,0
DA:272,0
DA:273,0
DA:274,0
DA:280,0
DA:281,0
DA:282,0
DA:284,0
DA:305,0
DA:306,0
DA:308,0
DA:313,0
DA:314,0
DA:315,0
DA:319,0
DA:320,0
DA:325,0
DA:326,0
DA:328,0
DA:334,0
DA:335,0
DA:336,0
DA:340,0
DA:341,0
DA:346,0
DA:347,0
DA:349,0
DA:354,0
DA:355,0
DA:356,0
DA:360,0
DA:361,0
DA:362,0
DA:369,0
DA:370,0
DA:373,0
DA:378,0
DA:379,0
DA:380,0
DA:384,0
DA:385,0
DA:390,0
DA:391,0
DA:392,0
DA:393,0
DA:395,0
DA:396,0
DA:400,0
DA:401,0
DA:403,0
DA:404,0
DA:408,0
DA:411,0
DA:412,0
DA:413,0
DA:417,0
DA:423,0
DA:426,0
DA:427,0
DA:429,0
DA:430,0
DA:433,0
DA:434,0
DA:435,0
DA:436,0
DA:438,0
DA:439,0
DA:440,0
DA:441,0
DA:442,0
DA:456,0
DA:457,0
DA:460,0
DA:461,0
DA:467,0
DA:468,0
DA:469,0
DA:471,0
DA:472,0
LF:94
LH:1
end_of_record
SF:lib/features/auth/presentation/view_model/register_view_model/register_event.dart
DA:14,0
LF:1
LH:0
end_of_record
SF:lib/features/navigation/view/main_navigation_screen.dart
DA:105,4
DA:107,0
DA:110,0
DA:112,0
DA:113,0
DA:117,0
DA:118,0
DA:122,0
DA:123,0
DA:127,0
DA:128,0
DA:132,0
DA:133,0
DA:138,0
DA:139,0
DA:140,0
DA:141,0
DA:142,0
DA:143,0
DA:147,0
DA:149,0
DA:150,0
DA:153,0
LF:23
LH:1
end_of_record
SF:lib/features/auth/presentation/view_model/register_view_model/register_state.dart
DA:7,0
DA:12,4
DA:16,0
DA:20,0
DA:21,0
DA:22,0
DA:26,0
DA:27,0
LF:8
LH:1
end_of_record
SF:lib/features/dashboard/domain/entity/collection_entity.dart
DA:14,1
LF:1
LH:1
end_of_record
SF:lib/features/dashboard/domain/entity/creator_entity.dart
DA:30,1
DA:41,0
LF:2
LH:1
end_of_record
SF:lib/features/dashboard/domain/entity/product_entity.dart
DA:19,0
LF:1
LH:0
end_of_record
SF:lib/features/dashboard/data/model/collection_api_model.dart
DA:127,0
DA:140,0
DA:142,0
DA:145,0
DA:146,0
DA:149,0
DA:150,0
DA:152,0
DA:153,0
DA:156,0
DA:157,0
DA:158,0
DA:159,0
DA:160,0
DA:162,0
DA:163,0
DA:164,0
DA:165,0
DA:167,0
DA:168,0
DA:170,0
DA:173,0
DA:174,0
DA:175,0
DA:180,0
DA:182,0
DA:183,0
DA:184,0
DA:185,0
DA:186,0
DA:187,0
DA:188,0
DA:189,0
DA:190,0
DA:191,0
DA:192,0
DA:196,0
DA:197,0
DA:198,0
DA:199,0
DA:200,0
DA:201,0
DA:202,0
DA:203,0
DA:204,0
DA:205,0
DA:206,0
DA:207,0
LF:48
LH:0
end_of_record
SF:lib/features/dashboard/data/model/collection_api_model.g.dart
DA:9,0
DA:10,0
DA:11,0
DA:12,0
DA:13,0
DA:14,0
DA:16,0
DA:17,0
DA:18,0
DA:19,0
DA:21,0
DA:22,0
DA:24,0
DA:25,0
DA:28,0
DA:29,0
DA:30,0
DA:31,0
DA:32,0
DA:33,0
DA:34,0
DA:35,0
DA:36,0
DA:37,0
DA:38,0
DA:39,0
LF:26
LH:0
end_of_record
SF:lib/features/dashboard/data/model/creator_api_model.dart
DA:61,0
DA:72,0
DA:74,0
DA:76,0
DA:77,0
DA:78,0
DA:79,0
DA:80,0
DA:81,0
DA:82,0
DA:83,0
DA:84,0
DA:86,0
DA:87,0
DA:91,0
DA:92,0
DA:93,0
DA:96,0
DA:97,0
DA:98,0
DA:99,0
DA:100,0
DA:109,0
DA:111,0
DA:112,0
DA:113,0
DA:114,0
DA:115,0
DA:116,0
DA:117,0
DA:118,0
DA:119,0
DA:120,0
DA:124,0
DA:125,0
DA:126,0
DA:127,0
DA:128,0
DA:129,0
DA:130,0
DA:131,0
DA:132,0
DA:133,0
LF:43
LH:0
end_of_record
SF:lib/features/dashboard/data/model/creator_api_model.g.dart
DA:9,0
DA:10,0
DA:11,0
DA:12,0
DA:13,0
DA:14,0
DA:15,0
DA:16,0
DA:17,0
DA:19,0
DA:20,0
DA:22,0
DA:25,0
DA:26,0
DA:27,0
DA:28,0
DA:29,0
DA:30,0
DA:31,0
DA:32,0
DA:33,0
DA:34,0
LF:22
LH:0
end_of_record
SF:lib/features/dashboard/data/model/product_api_model.dart
DA:36,0
DA:54,0
DA:55,0
DA:57,0
DA:59,0
DA:60,0
DA:61,0
DA:62,0
DA:63,0
DA:64,0
DA:65,0
DA:66,0
DA:67,0
DA:68,0
DA:69,0
DA:70,0
DA:71,0
DA:72,0
DA:73,0
DA:74,0
DA:78,0
DA:79,0
DA:80,0
DA:81,0
DA:82,0
DA:83,0
DA:84,0
DA:85,0
DA:86,0
DA:87,0
DA:88,0
DA:89,0
DA:90,0
DA:91,0
DA:92,0
DA:93,0
DA:94,0
DA:104,0
DA:109,0
DA:110,0
DA:112,0
DA:114,0
DA:115,0
LF:43
LH:0
end_of_record
SF:lib/features/dashboard/data/model/product_api_model.g.dart
DA:9,0
DA:10,0
DA:11,0
DA:12,0
DA:13,0
DA:14,0
DA:15,0
DA:17,0
DA:18,0
DA:19,0
DA:20,0
DA:21,0
DA:22,0
DA:23,0
DA:24,0
DA:25,0
DA:26,0
DA:27,0
DA:30,0
DA:31,0
DA:32,0
DA:33,0
DA:34,0
DA:35,0
DA:36,0
DA:37,0
DA:38,0
DA:39,0
DA:40,0
DA:41,0
DA:42,0
DA:43,0
DA:44,0
DA:45,0
DA:46,0
DA:49,0
DA:51,0
DA:52,0
DA:53,0
DA:56,0
DA:58,0
DA:59,0
DA:60,0
LF:43
LH:0
end_of_record
SF:lib/features/dashboard/presentation/view/dashboard_page_view.dart
DA:250,4
DA:252,0
DA:253,0
DA:261,0
DA:263,0
DA:264,0
DA:265,0
DA:268,0
DA:270,0
DA:271,0
DA:274,0
DA:275,0
DA:277,0
DA:278,0
DA:279,0
DA:280,0
DA:281,0
DA:282,0
DA:283,0
DA:289,0
DA:290,0
DA:291,0
DA:294,0
DA:295,0
DA:296,0
DA:297,0
DA:298,0
DA:304,0
DA:306,0
DA:307,0
DA:308,0
DA:309,0
DA:310,0
DA:311,0
DA:312,0
DA:313,0
DA:315,0
DA:317,0
DA:319,0
DA:324,0
DA:348,0
DA:349,0
DA:351,0
DA:353,0
DA:362,0
DA:363,0
DA:365,0
DA:366,0
DA:370,0
DA:371,0
DA:372,0
DA:378,0
DA:381,0
DA:382,0
DA:383,0
DA:385,0
DA:386,0
DA:387,0
DA:390,0
DA:392,0
DA:395,0
DA:398,0
DA:420,0
DA:421,0
DA:423,0
DA:424,0
DA:425,0
DA:427,0
DA:453,0
DA:454,0
DA:458,0
DA:459,0
DA:468,0
DA:469,0
DA:477,0
DA:479,0
DA:480,0
DA:481,0
DA:482,0
DA:483,0
DA:489,0
DA:490,0
DA:493,0
DA:494,0
DA:497,0
LF:85
LH:1
end_of_record
SF:lib/features/dashboard/presentation/view_model/dashboard_event.dart
DA:6,0
DA:8,0
DA:9,0
DA:15,0
DA:17,0
DA:18,0
LF:6
LH:0
end_of_record
SF:lib/features/dashboard/presentation/widgets/mobile_collection_carosuel.dart
DA:374,4
DA:376,0
DA:377,0
DA:394,0
DA:396,0
DA:397,0
DA:398,0
DA:401,0
DA:403,0
DA:404,0
DA:405,0
DA:408,0
DA:409,0
DA:410,0
DA:411,0
DA:412,0
DA:413,0
DA:414,0
DA:424,0
DA:425,0
DA:426,0
DA:430,0
DA:431,0
DA:438,0
DA:440,0
DA:441,0
DA:442,0
DA:443,0
DA:444,0
DA:445,0
DA:446,0
DA:449,0
DA:450,0
DA:453,0
DA:458,0
DA:459,0
DA:462,0
DA:468,0
DA:489,0
DA:490,0
DA:493,0
DA:499,0
DA:501,0
DA:502,0
DA:504,0
DA:505,0
DA:507,0
DA:509,0
DA:510,0
DA:520,0
DA:521,0
DA:524,0
DA:525,0
DA:526,0
DA:527,0
DA:528,0
DA:529,0
DA:530,0
DA:531,0
DA:535,0
DA:536,0
DA:540,0
DA:542,0
DA:543,0
DA:544,0
DA:545,0
DA:546,0
DA:550,0
DA:552,0
DA:566,0
DA:568,0
DA:570,0
DA:571,0
DA:572,0
DA:577,0
DA:579,0
DA:581,0
DA:582,0
DA:583,0
DA:585,0
DA:588,0
DA:590,0
DA:595,0
DA:597,0
DA:599,0
DA:600,0
DA:611,0
DA:612,0
DA:624,0
DA:625,0
DA:626,0
DA:634,0
DA:637,0
DA:638,0
DA:639,0
DA:646,0
DA:649,0
DA:650,0
DA:678,0
DA:680,0
DA:688,0
DA:689,0
DA:692,0
DA:693,0
DA:694,0
DA:696,0
DA:697,0
DA:698,0
DA:699,0
DA:700,0
DA:702,0
DA:703,0
DA:706,0
DA:710,0
DA:713,0
DA:719,0
DA:721,0
DA:722,0
DA:726,0
LF:119
LH:1
end_of_record
SF:lib/features/dashboard/presentation/widgets/mobile_creators_section.dart
DA:8,4
DA:10,0
DA:12,0
DA:13,0
DA:14,0
DA:15,0
DA:16,0
DA:17,0
DA:18,0
DA:21,0
DA:22,0
DA:25,0
DA:30,0
DA:31,0
DA:34,0
DA:35,0
DA:39,0
DA:40,0
DA:41,0
DA:55,0
DA:56,0
DA:59,0
DA:60,0
DA:62,0
DA:63,0
DA:64,0
DA:66,0
DA:68,0
DA:70,0
DA:79,0
DA:80,0
DA:82,0
DA:85,0
DA:86,0
DA:87,0
DA:93,0
DA:94,0
DA:97,0
DA:98,0
DA:99,0
DA:100,0
DA:101,0
DA:105,0
DA:107,0
DA:109,0
DA:110,0
DA:120,0
LF:47
LH:1
end_of_record
SF:lib/features/dashboard/presentation/widgets/mobile_products_grid.dart
DA:506,4
DA:508,0
DA:510,0
DA:511,0
DA:512,0
DA:513,0
DA:514,0
DA:515,0
DA:517,0
DA:519,0
DA:523,0
DA:524,0
DA:525,0
DA:526,0
DA:528,0
DA:535,0
DA:536,0
DA:538,0
DA:540,0
DA:549,0
DA:550,0
DA:553,0
DA:555,0
DA:557,0
DA:567,0
DA:568,0
DA:570,0
DA:580,0
DA:581,0
DA:587,0
DA:588,0
DA:589,0
DA:591,0
DA:592,0
DA:593,0
DA:594,0
DA:601,0
DA:603,0
DA:604,0
DA:606,0
DA:609,0
DA:610,0
DA:620,0
DA:623,0
DA:624,0
DA:625,0
DA:629,0
DA:632,0
DA:633,0
DA:634,0
DA:643,0
DA:644,0
DA:647,0
DA:648,0
DA:649,0
DA:650,0
DA:652,0
DA:653,0
DA:655,0
DA:656,0
DA:658,0
DA:660,0
DA:662,0
DA:672,0
DA:673,0
DA:675,0
DA:684,0
DA:685,0
DA:686,0
DA:687,0
DA:688,0
DA:695,0
DA:696,0
DA:697,0
DA:699,0
DA:700,0
DA:701,0
DA:702,0
DA:709,0
DA:710,0
DA:711,0
DA:713,0
DA:714,0
DA:716,0
DA:717,0
DA:718,0
DA:721,0
DA:722,0
DA:725,0
DA:726,0
DA:731,0
DA:734,0
DA:739,0
DA:741,0
DA:758,0
DA:759,0
DA:760,0
DA:762,0
DA:763,0
DA:776,0
DA:777,0
DA:778,0
DA:780,0
DA:788,0
DA:789,0
DA:799,0
DA:808,0
DA:811,0
DA:812,0
DA:813,0
DA:816,0
DA:817,0
DA:819,0
DA:820,0
DA:821,0
DA:839,0
DA:840,0
DA:841,0
DA:843,0
DA:844,0
DA:845,0
DA:846,0
DA:851,0
DA:852,0
DA:853,0
DA:854,0
DA:861,0
DA:862,0
DA:864,0
DA:867,0
DA:868,0
DA:869,0
DA:872,0
DA:873,0
DA:900,0
DA:901,0
DA:902,0
DA:903,0
DA:907,0
DA:908,0
DA:911,0
DA:916,0
DA:919,0
DA:924,0
DA:926,0
DA:932,0
DA:938,0
DA:939,0
DA:940,0
DA:946,0
DA:947,0
DA:948,0
DA:963,0
DA:965,0
DA:966,0
DA:968,0
DA:970,0
DA:972,0
DA:979,0
DA:981,0
DA:984,0
DA:985,0
DA:986,0
DA:995,0
DA:996,0
DA:997,0
DA:998,0
DA:1005,0
DA:1006,0
DA:1008,0
DA:1009,0
DA:1018,0
DA:1020,0
DA:1021,0
DA:1027,0
DA:1028,0
DA:1031,0
DA:1032,0
DA:1033,0
DA:1039,0
DA:1040,0
DA:1041,0
DA:1042,0
DA:1044,0
LF:184
LH:1
end_of_record
SF:lib/features/dashboard/presentation/view_model/dashboard_state.dart
DA:12,0
DA:19,4
DA:25,0
DA:31,0
DA:32,0
DA:33,0
DA:34,0
DA:35,0
DA:39,0
DA:40,0
LF:10
LH:1
end_of_record
SF:lib/features/s_marketplace/presentation/cubit/request_transfer_state.dart
DA:4,0
DA:6,0
DA:7,0
DA:15,0
DA:17,0
DA:18,0
DA:25,0
DA:30,0
DA:31,0
DA:38,0
DA:43,0
DA:44,0
LF:12
LH:0
end_of_record
SF:lib/features/product_details/presentation/view/product_detail_view.dart
DA:829,0
DA:835,0
DA:837,0
DA:838,0
DA:839,0
DA:840,0
DA:841,0
DA:842,0
DA:848,0
DA:849,0
DA:850,0
DA:852,0
DA:853,0
DA:854,0
DA:855,0
DA:856,0
DA:857,0
DA:869,4
DA:871,0
DA:889,0
DA:891,0
DA:893,0
DA:894,0
DA:896,0
DA:898,0
DA:899,0
DA:902,0
DA:905,0
DA:907,0
DA:910,0
DA:914,0
DA:915,0
DA:917,0
DA:918,0
DA:923,0
DA:924,0
DA:938,0
DA:943,0
DA:945,0
DA:946,0
DA:948,0
DA:950,0
DA:953,0
DA:955,0
DA:957,0
DA:958,0
DA:960,0
DA:962,0
DA:964,0
DA:966,0
DA:968,0
DA:970,0
DA:972,0
DA:981,0
DA:982,0
DA:985,0
DA:986,0
DA:990,0
DA:991,0
DA:992,0
DA:994,0
DA:997,0
DA:1003,0
DA:1004,0
DA:1005,0
DA:1007,0
DA:1014,0
DA:1015,0
DA:1017,0
DA:1024,0
DA:1025,0
DA:1027,0
DA:1028,0
DA:1029,0
DA:1036,0
DA:1037,0
DA:1040,0
DA:1041,0
DA:1042,0
DA:1044,0
DA:1046,0
DA:1047,0
DA:1057,0
DA:1058,0
DA:1059,0
DA:1060,0
DA:1062,0
DA:1063,0
DA:1064,0
DA:1066,0
DA:1067,0
DA:1068,0
DA:1071,0
DA:1076,0
DA:1077,0
DA:1079,0
DA:1081,0
DA:1092,0
DA:1093,0
DA:1094,0
DA:1095,0
DA:1102,0
DA:1104,0
DA:1105,0
DA:1116,0
DA:1117,0
DA:1121,0
DA:1123,0
DA:1133,0
DA:1134,0
DA:1135,0
DA:1137,0
DA:1145,0
DA:1146,0
DA:1148,0
DA:1158,0
DA:1160,0
DA:1161,0
DA:1162,0
DA:1163,0
DA:1165,0
DA:1166,0
DA:1167,0
DA:1168,0
DA:1169,0
DA:1170,0
DA:1171,0
DA:1173,0
DA:1174,0
DA:1180,0
DA:1181,0
DA:1183,0
DA:1184,0
DA:1185,0
DA:1191,0
DA:1192,0
DA:1193,0
DA:1194,0
DA:1208,0
DA:1209,0
DA:1213,0
DA:1215,0
DA:1225,0
DA:1227,0
DA:1228,0
DA:1229,0
DA:1230,0
DA:1232,0
DA:1233,0
DA:1234,0
DA:1235,0
DA:1236,0
DA:1237,0
DA:1238,0
DA:1240,0
DA:1241,0
DA:1247,0
DA:1248,0
DA:1250,0
DA:1251,0
DA:1252,0
DA:1258,0
DA:1259,0
DA:1260,0
DA:1261,0
DA:1268,0
DA:1270,0
DA:1271,0
DA:1272,0
DA:1274,0
DA:1276,0
DA:1277,0
DA:1290,0
DA:1292,0
DA:1293,0
DA:1295,0
DA:1305,0
DA:1308,0
DA:1309,0
DA:1310,0
DA:1311,0
DA:1313,0
DA:1314,0
DA:1315,0
DA:1317,0
DA:1321,0
DA:1323,0
DA:1324,0
DA:1329,0
DA:1331,0
DA:1332,0
DA:1343,0
DA:1345,0
DA:1346,0
DA:1347,0
DA:1357,0
DA:1359,0
DA:1360,0
DA:1361,0
DA:1363,0
DA:1364,0
DA:1365,0
DA:1366,0
DA:1375,0
DA:1376,0
DA:1378,0
DA:1379,0
DA:1381,0
DA:1384,0
DA:1385,0
DA:1386,0
DA:1389,0
DA:1390,0
DA:1391,0
DA:1393,0
DA:1395,0
DA:1396,0
DA:1397,0
DA:1400,0
DA:1401,0
DA:1403,0
DA:1404,0
DA:1408,0
DA:1410,0
DA:1415,0
DA:1416,0
DA:1418,0
DA:1419,0
DA:1420,0
DA:1421,0
DA:1422,0
DA:1428,0
DA:1430,0
DA:1435,0
DA:1436,0
DA:1437,0
DA:1439,0
DA:1441,0
DA:1442,0
DA:1452,0
DA:1453,0
DA:1454,0
DA:1455,0
DA:1461,0
DA:1462,0
DA:1463,0
DA:1464,0
DA:1481,0
DA:1482,0
DA:1484,0
DA:1494,0
DA:1497,0
DA:1498,0
DA:1503,0
DA:1504,0
DA:1509,0
DA:1510,0
DA:1521,0
DA:1522,0
DA:1524,0
DA:1525,0
DA:1526,0
DA:1527,0
DA:1528,0
DA:1531,0
DA:1533,0
DA:1534,0
DA:1542,0
DA:1543,0
DA:1544,0
DA:1545,0
DA:1548,0
DA:1549,0
DA:1551,0
DA:1558,0
DA:1561,0
DA:1562,0
DA:1573,0
DA:1576,0
DA:1577,0
DA:1579,0
DA:1586,0
DA:1589,0
DA:1590,0
DA:1604,0
DA:1606,0
DA:1609,0
DA:1611,0
DA:1612,0
DA:1614,0
DA:1615,0
DA:1616,0
DA:1617,0
DA:1618,0
DA:1619,0
DA:1620,0
DA:1621,0
DA:1626,0
LF:298
LH:1
end_of_record
SF:lib/features/owned_products/presentation/view/my_owned_products_view.dart
DA:420,5
DA:422,1
DA:424,1
DA:425,1
DA:430,1
DA:432,1
DA:433,1
DA:435,1
DA:437,2
DA:444,1
DA:445,1
DA:446,3
DA:447,2
DA:455,5
DA:457,1
DA:459,1
DA:460,1
DA:461,1
DA:462,2
DA:463,1
DA:464,2
DA:469,1
DA:470,2
DA:471,1
DA:472,2
DA:477,1
DA:478,2
DA:479,1
DA:480,2
DA:487,1
DA:488,1
DA:492,1
DA:493,2
DA:521,1
DA:522,1
DA:523,3
DA:525,1
DA:527,1
DA:534,2
DA:535,1
DA:536,2
DA:537,1
DA:542,1
DA:562,1
DA:564,2
DA:566,1
DA:568,1
DA:569,1
DA:571,1
DA:572,1
DA:573,1
DA:575,1
DA:577,1
DA:579,1
DA:582,1
DA:583,1
DA:585,1
DA:586,1
DA:589,1
DA:590,2
DA:591,2
DA:600,1
DA:618,1
DA:619,1
DA:621,1
DA:623,1
DA:625,1
DA:626,1
DA:639,4
DA:640,1
DA:641,1
DA:642,1
DA:644,1
DA:653,1
DA:658,1
DA:659,1
DA:660,1
DA:662,1
DA:663,2
DA:664,1
DA:665,1
DA:674,1
DA:677,4
DA:678,1
DA:683,1
DA:684,1
DA:685,1
DA:687,1
DA:689,1
DA:690,1
DA:700,1
DA:701,3
DA:710,3
DA:711,1
DA:712,3
DA:713,1
DA:714,1
DA:720,1
DA:723,1
DA:724,5
DA:725,1
DA:726,1
DA:733,1
DA:736,1
DA:745,1
DA:748,1
DA:749,0
DA:750,1
DA:753,1
DA:754,1
DA:756,1
DA:757,1
DA:758,1
DA:776,1
DA:777,1
DA:780,1
DA:781,2
DA:783,0
DA:784,1
DA:785,3
DA:787,1
DA:788,1
DA:793,1
DA:794,2
DA:797,1
DA:798,2
DA:805,0
DA:806,0
DA:808,0
DA:810,0
DA:811,0
DA:813,0
DA:823,0
DA:824,0
DA:825,0
DA:826,0
DA:828,0
DA:831,0
DA:832,0
DA:833,0
DA:834,0
DA:835,0
DA:836,0
DA:837,0
DA:840,0
DA:848,0
DA:849,0
DA:860,0
DA:862,0
DA:863,0
DA:873,0
DA:874,0
DA:875,0
LF:153
LH:124
end_of_record
SF:lib/features/permission_creator/presentation/view/permission_creator_view.dart
DA:7,4
DA:9,0
DA:10,0
DA:14,0
DA:16,0
DA:18,0
DA:19,0
DA:23,0
DA:25,0
DA:26,0
DA:28,0
DA:29,0
DA:30,0
DA:32,0
DA:33,0
DA:38,0
DA:39,0
DA:40,0
DA:46,0
DA:47,0
DA:53,0
DA:54,0
DA:57,0
DA:58,0
DA:61,0
DA:64,0
DA:65,0
DA:66,0
DA:68,0
DA:70,0
DA:71,0
DA:74,0
DA:77,0
DA:78,0
DA:86,0
DA:87,0
DA:90,0
DA:91,0
DA:101,0
DA:102,0
DA:104,0
DA:107,0
DA:109,0
DA:110,0
DA:113,0
DA:138,0
DA:139,0
DA:140,0
DA:141,0
DA:143,0
DA:144,0
DA:145,0
DA:146,0
DA:148,0
DA:152,0
DA:154,0
DA:158,0
DA:166,0
DA:172,0
DA:174,0
DA:175,0
DA:176,0
DA:177,0
DA:178,0
DA:179,0
DA:181,0
DA:183,0
DA:185,0
DA:186,0
DA:187,0
LF:70
LH:1
end_of_record
SF:lib/features/profile/presentation/view/profile_view.dart
DA:6,4
DA:8,0
DA:10,0
DA:11,0
DA:13,0
DA:17,0
DA:18,0
DA:19,0
DA:21,0
DA:22,0
DA:24,0
DA:27,0
DA:28,0
DA:29,0
DA:31,0
DA:32,0
DA:34,0
DA:54,0
DA:59,0
DA:61,0
DA:79,0
DA:83,0
DA:85,0
DA:91,0
DA:95,0
DA:97,0
DA:103,0
DA:107,0
DA:109,0
DA:115,0
DA:119,0
DA:121,0
DA:130,0
DA:133,0
DA:134,0
DA:135,0
DA:137,0
DA:141,0
DA:142,0
DA:145,0
DA:174,0
DA:176,0
DA:177,0
DA:189,0
DA:195,0
DA:197,0
DA:198,0
DA:201,0
DA:203,0
DA:210,0
DA:212,0
DA:213,0
DA:217,0
DA:220,0
DA:227,0
DA:228,0
DA:231,0
DA:232,0
DA:235,0
DA:236,0
DA:237,0
DA:238,0
DA:242,0
DA:243,0
DA:245,0
DA:248,0
DA:251,0
DA:253,0
LF:68
LH:1
end_of_record
SF:lib/features/s_marketplace/presentation/view/s_marketplace_view.dart
DA:868,4
DA:870,0
DA:871,0
DA:875,0
DA:877,0
DA:879,0
DA:882,0
DA:884,0
DA:885,0
DA:890,0
DA:892,0
DA:893,0
DA:895,0
DA:897,0
DA:904,0
DA:905,0
DA:906,0
DA:907,0
DA:908,0
DA:909,0
DA:910,0
DA:916,0
DA:917,0
DA:923,0
DA:952,0
DA:953,0
DA:954,0
DA:956,0
DA:958,0
DA:965,0
DA:966,0
DA:967,0
DA:968,0
DA:978,0
DA:979,0
DA:980,0
DA:981,0
DA:983,0
DA:984,0
DA:986,0
DA:987,0
DA:988,0
DA:990,0
DA:992,0
DA:994,0
DA:997,0
DA:998,0
DA:1000,0
DA:1001,0
DA:1002,0
DA:1003,0
DA:1004,0
DA:1007,0
DA:1016,0
DA:1036,0
DA:1037,0
DA:1039,0
DA:1041,0
DA:1043,0
DA:1044,0
DA:1057,0
DA:1058,0
DA:1059,0
DA:1060,0
DA:1062,0
DA:1071,0
DA:1072,0
DA:1073,0
DA:1078,0
DA:1079,0
DA:1080,0
DA:1082,0
DA:1083,0
DA:1084,0
DA:1085,0
DA:1092,0
DA:1093,0
DA:1095,0
DA:1101,0
DA:1104,0
DA:1105,0
DA:1106,0
DA:1107,0
DA:1114,0
DA:1115,0
DA:1116,0
DA:1124,0
DA:1127,0
DA:1128,0
DA:1129,0
DA:1130,0
DA:1137,0
DA:1140,0
DA:1149,0
DA:1152,0
DA:1153,0
DA:1154,0
DA:1157,0
DA:1158,0
DA:1160,0
DA:1161,0
DA:1162,0
DA:1181,0
DA:1182,0
DA:1183,0
DA:1185,0
DA:1186,0
DA:1193,0
DA:1194,0
DA:1195,0
DA:1204,0
DA:1205,0
DA:1207,0
DA:1210,0
DA:1211,0
DA:1212,0
DA:1213,0
DA:1215,0
DA:1216,0
DA:1231,0
DA:1241,0
DA:1243,0
DA:1244,0
DA:1254,0
DA:1255,0
DA:1256,0
DA:1264,0
DA:1265,0
DA:1268,0
DA:1269,0
DA:1279,0
DA:1281,0
DA:1282,0
DA:1284,0
DA:1285,0
DA:1287,0
DA:1288,0
DA:1289,0
DA:1290,0
DA:1292,0
DA:1295,0
DA:1296,0
DA:1297,0
DA:1299,0
DA:1301,0
DA:1302,0
LF:146
LH:1
end_of_record
SF:lib/features/owned_products/data/model/owned_product_model.dart
DA:25,0
DA:41,0
DA:59,0
DA:60,0
DA:62,0
DA:77,0
DA:86,0
DA:97,0
DA:98,0
DA:100,0
DA:116,0
DA:126,0
DA:138,0
DA:139,0
DA:141,0
DA:149,0
DA:152,0
DA:157,0
DA:158,0
DA:160,0
DA:171,0
DA:176,0
DA:183,0
DA:184,0
DA:186,0
LF:25
LH:0
end_of_record
SF:lib/features/owned_products/data/model/owned_product_model.g.dart
DA:9,0
DA:10,0
DA:11,0
DA:12,0
DA:13,0
DA:14,0
DA:15,0
DA:16,0
DA:17,0
DA:18,0
DA:19,0
DA:21,0
DA:22,0
DA:23,0
DA:24,0
DA:25,0
DA:26,0
DA:27,0
DA:28,0
DA:29,0
DA:32,0
DA:33,0
DA:34,0
DA:35,0
DA:36,0
DA:37,0
DA:38,0
DA:39,0
DA:40,0
DA:41,0
DA:42,0
DA:43,0
DA:44,0
DA:45,0
DA:46,0
DA:47,0
DA:48,0
DA:51,0
DA:52,0
DA:53,0
DA:54,0
DA:55,0
DA:56,0
DA:57,0
DA:58,0
DA:59,0
DA:62,0
DA:63,0
DA:64,0
DA:65,0
DA:66,0
DA:67,0
DA:68,0
DA:69,0
DA:70,0
DA:71,0
DA:74,0
DA:75,0
DA:76,0
DA:77,0
DA:78,0
DA:79,0
DA:80,0
DA:81,0
DA:82,0
DA:83,0
DA:84,0
DA:87,0
DA:88,0
DA:89,0
DA:90,0
DA:91,0
DA:92,0
DA:93,0
DA:94,0
DA:95,0
DA:96,0
DA:97,0
DA:100,0
DA:102,0
DA:103,0
DA:104,0
DA:107,0
DA:109,0
DA:110,0
DA:111,0
DA:114,0
DA:115,0
DA:116,0
DA:117,0
DA:118,0
DA:119,0
DA:122,0
DA:123,0
DA:124,0
DA:125,0
DA:126,0
DA:127,0
LF:98
LH:0
end_of_record
SF:lib/features/owned_products/domain/entity/owned_product_entity.dart
DA:20,1
DA:38,0
DA:39,0
DA:40,0
DA:41,0
DA:42,0
DA:43,0
DA:44,0
DA:45,0
DA:46,0
DA:47,0
DA:48,0
DA:49,0
DA:50,0
DA:51,0
DA:52,0
DA:53,0
DA:54,0
DA:68,1
DA:79,0
DA:80,0
DA:94,1
DA:106,0
DA:107,0
DA:114,1
DA:119,0
DA:120,0
DA:129,0
DA:136,0
DA:137,0
LF:30
LH:4
end_of_record
SF:lib/features/owned_products/presentation/view_model/owned_products_event.dart
DA:4,1
DA:6,0
DA:7,0
DA:16,0
DA:21,0
DA:22,0
LF:6
LH:1
end_of_record
SF:lib/features/owned_products/presentation/view_model/owned_products_state.dart
DA:5,2
DA:7,0
DA:8,0
DA:18,2
DA:20,0
DA:21,0
DA:27,1
DA:29,0
DA:30,0
DA:38,1
DA:40,0
DA:41,0
DA:47,1
DA:49,0
DA:50,0
LF:15
LH:5
end_of_record
SF:lib/features/permission_creator/data/model/transfer_request_model.dart
DA:245,0
DA:263,0
DA:283,0
DA:284,0
DA:286,0
DA:289,0
DA:290,0
DA:291,0
DA:292,0
DA:293,0
DA:296,0
DA:298,0
DA:299,0
DA:300,0
DA:301,0
DA:322,0
DA:333,0
DA:346,0
DA:347,0
DA:349,0
DA:352,0
DA:353,0
DA:354,0
DA:355,0
DA:356,0
DA:365,0
DA:368,0
DA:373,0
DA:374,0
DA:376,0
DA:396,0
DA:407,0
DA:420,0
DA:421,0
DA:423,0
DA:426,0
DA:427,0
DA:428,0
DA:429,0
DA:430,0
DA:446,0
DA:451,0
DA:458,0
DA:459,0
DA:461,0
DA:464,0
DA:465,0
DA:466,0
DA:467,0
DA:468,0
LF:50
LH:0
end_of_record
SF:lib/features/permission_creator/data/model/transfer_request_model.g.dart
DA:9,0
DA:11,0
DA:12,0
DA:13,0
DA:14,0
DA:15,0
DA:16,0
DA:17,0
DA:18,0
DA:20,0
DA:21,0
DA:22,0
DA:23,0
DA:24,0
DA:25,0
DA:26,0
DA:27,0
DA:28,0
DA:29,0
DA:30,0
DA:31,0
DA:32,0
DA:33,0
DA:35,0
DA:38,0
DA:40,0
DA:41,0
DA:42,0
DA:43,0
DA:44,0
DA:45,0
DA:46,0
DA:47,0
DA:48,0
DA:49,0
DA:50,0
DA:51,0
DA:52,0
DA:53,0
DA:54,0
DA:55,0
DA:56,0
DA:57,0
DA:60,0
DA:61,0
DA:62,0
DA:63,0
DA:64,0
DA:65,0
DA:66,0
DA:67,0
DA:68,0
DA:69,0
DA:70,0
DA:71,0
DA:74,0
DA:75,0
DA:76,0
DA:77,0
DA:78,0
DA:79,0
DA:80,0
DA:81,0
DA:82,0
DA:83,0
DA:84,0
DA:85,0
DA:88,0
DA:90,0
DA:91,0
DA:92,0
DA:95,0
DA:97,0
DA:98,0
DA:99,0
DA:102,0
DA:103,0
DA:104,0
DA:105,0
DA:106,0
DA:107,0
DA:108,0
DA:109,0
DA:110,0
DA:111,0
DA:112,0
DA:115,0
DA:116,0
DA:117,0
DA:118,0
DA:119,0
DA:120,0
DA:121,0
DA:122,0
DA:123,0
DA:124,0
DA:125,0
DA:126,0
DA:129,0
DA:130,0
DA:131,0
DA:132,0
DA:133,0
DA:134,0
DA:137,0
DA:138,0
DA:139,0
DA:140,0
DA:141,0
DA:142,0
LF:110
LH:0
end_of_record
SF:lib/features/permission_creator/domain/entity/transfer_request_entity.dart
DA:22,0
DA:42,0
DA:43,0
DA:44,0
DA:45,0
DA:46,0
DA:47,0
DA:48,0
DA:49,0
DA:50,0
DA:51,0
DA:52,0
DA:53,0
DA:54,0
DA:55,0
DA:56,0
DA:57,0
DA:58,0
DA:59,0
DA:60,0
DA:76,0
DA:89,0
DA:90,0
DA:91,0
DA:92,0
DA:93,0
DA:94,0
DA:95,0
DA:96,0
DA:97,0
DA:98,0
DA:99,0
DA:100,0
DA:108,0
DA:113,0
DA:114,0
DA:129,0
DA:142,0
DA:143,0
DA:144,0
DA:145,0
DA:146,0
DA:147,0
DA:148,0
DA:149,0
DA:150,0
DA:151,0
DA:152,0
DA:153,0
DA:163,0
DA:170,0
DA:171,0
LF:52
LH:0
end_of_record
SF:lib/features/permission_creator/presentation/widgets/transfer_request_card.dart
DA:11,0
DA:16,0
DA:18,0
DA:20,0
DA:23,0
DA:25,0
DA:27,0
DA:43,0
DA:44,0
DA:48,0
DA:49,0
DA:50,0
DA:51,0
DA:58,0
DA:59,0
DA:65,0
DA:68,0
DA:69,0
DA:71,0
DA:72,0
DA:73,0
DA:74,0
DA:83,0
DA:84,0
DA:86,0
DA:87,0
DA:92,0
DA:95,0
DA:96,0
DA:98,0
DA:99,0
DA:104,0
DA:107,0
DA:108,0
DA:110,0
DA:112,0
DA:118,0
DA:119,0
DA:120,0
DA:121,0
DA:123,0
DA:129,0
DA:132,0
DA:133,0
DA:135,0
DA:136,0
DA:137,0
DA:139,0
DA:144,0
DA:147,0
DA:148,0
DA:149,0
DA:150,0
DA:151,0
DA:152,0
DA:153,0
DA:161,0
DA:162,0
DA:163,0
DA:164,0
DA:165,0
LF:61
LH:0
end_of_record
SF:lib/features/product_details/data/model/product_detail_model.dart
DA:26,0
DA:45,0
DA:46,0
DA:48,0
DA:51,0
DA:52,0
DA:53,0
DA:54,0
DA:55,0
DA:56,0
DA:57,0
DA:58,0
DA:59,0
DA:60,0
DA:61,0
DA:62,0
DA:63,0
DA:64,0
DA:65,0
DA:66,0
DA:67,0
DA:68,0
DA:85,0
DA:96,0
DA:97,0
DA:99,0
DA:101,0
DA:102,0
DA:103,0
DA:104,0
DA:105,0
DA:106,0
DA:107,0
DA:108,0
DA:109,0
DA:110,0
DA:128,0
DA:140,0
DA:141,0
DA:143,0
DA:145,0
DA:146,0
DA:147,0
DA:148,0
DA:149,0
DA:150,0
DA:151,0
DA:152,0
DA:153,0
DA:154,0
DA:155,0
DA:172,0
DA:183,0
DA:184,0
DA:186,0
DA:188,0
DA:189,0
DA:190,0
DA:191,0
DA:192,0
DA:193,0
DA:194,0
DA:195,0
DA:196,0
DA:197,0
DA:210,0
DA:217,0
DA:218,0
DA:220,0
DA:222,0
DA:223,0
DA:224,0
DA:225,0
DA:226,0
DA:227,0
DA:237,0
DA:242,0
DA:243,0
DA:245,0
DA:247,0
DA:248,0
DA:249,0
DA:250,0
LF:83
LH:0
end_of_record
SF:lib/features/product_details/data/model/product_detail_model.g.dart
DA:9,0
DA:10,0
DA:11,0
DA:12,0
DA:13,0
DA:14,0
DA:15,0
DA:16,0
DA:18,0
DA:19,0
DA:20,0
DA:21,0
DA:22,0
DA:23,0
DA:24,0
DA:25,0
DA:26,0
DA:27,0
DA:29,0
DA:30,0
DA:31,0
DA:32,0
DA:35,0
DA:36,0
DA:37,0
DA:38,0
DA:39,0
DA:40,0
DA:41,0
DA:42,0
DA:43,0
DA:44,0
DA:45,0
DA:46,0
DA:47,0
DA:48,0
DA:49,0
DA:50,0
DA:51,0
DA:52,0
DA:55,0
DA:56,0
DA:57,0
DA:58,0
DA:59,0
DA:60,0
DA:61,0
DA:62,0
DA:63,0
DA:66,0
DA:67,0
DA:68,0
DA:69,0
DA:70,0
DA:71,0
DA:72,0
DA:73,0
DA:74,0
DA:75,0
DA:78,0
DA:79,0
DA:80,0
DA:81,0
DA:82,0
DA:83,0
DA:84,0
DA:85,0
DA:86,0
DA:87,0
DA:88,0
DA:91,0
DA:92,0
DA:93,0
DA:94,0
DA:95,0
DA:96,0
DA:97,0
DA:98,0
DA:99,0
DA:100,0
DA:101,0
DA:104,0
DA:105,0
DA:106,0
DA:107,0
DA:108,0
DA:109,0
DA:110,0
DA:111,0
DA:112,0
DA:115,0
DA:116,0
DA:117,0
DA:118,0
DA:119,0
DA:120,0
DA:121,0
DA:122,0
DA:123,0
DA:124,0
DA:127,0
DA:128,0
DA:129,0
DA:130,0
DA:131,0
DA:132,0
DA:135,0
DA:136,0
DA:137,0
DA:138,0
DA:139,0
DA:140,0
DA:143,0
DA:145,0
DA:146,0
DA:147,0
DA:150,0
DA:152,0
DA:153,0
DA:154,0
LF:120
LH:0
end_of_record
SF:lib/features/product_details/domain/entity/product_detail_entity.dart
DA:19,0
DA:49,0
DA:72,0
DA:95,0
DA:113,0
DA:125,0
LF:6
LH:0
end_of_record
SF:lib/features/product_details/presentation/view_model/product_detail_state.dart
DA:12,0
DA:18,0
LF:2
LH:0
end_of_record
SF:lib/features/product_details/presentation/view_model/product_detail_event.dart
DA:6,0
LF:1
LH:0
end_of_record
SF:lib/features/s_marketplace/data/model/request_transfer_response_model.dart
DA:5,0
DA:10,0
DA:11,0
DA:12,0
DA:13,0
DA:17,0
DA:18,0
DA:19,0
DA:20,0
LF:9
LH:0
end_of_record
SF:lib/features/s_marketplace/data/model/s_marketplace_model.dart
DA:30,0
DA:50,0
DA:51,0
DA:53,0
DA:56,0
DA:57,0
DA:58,0
DA:59,0
DA:60,0
DA:61,0
DA:62,0
DA:63,0
DA:64,0
DA:65,0
DA:66,0
DA:67,0
DA:68,0
DA:69,0
DA:70,0
DA:71,0
DA:72,0
DA:73,0
DA:77,0
DA:78,0
DA:79,0
DA:80,0
DA:81,0
DA:82,0
DA:83,0
DA:84,0
DA:85,0
DA:86,0
DA:87,0
DA:88,0
DA:89,0
DA:90,0
DA:91,0
DA:92,0
DA:93,0
DA:94,0
DA:98,0
DA:99,0
DA:100,0
DA:101,0
DA:102,0
DA:103,0
DA:104,0
DA:105,0
DA:106,0
DA:107,0
DA:108,0
DA:109,0
DA:110,0
DA:111,0
DA:112,0
DA:113,0
DA:114,0
DA:115,0
DA:116,0
DA:136,0
DA:149,0
DA:150,0
DA:152,0
DA:154,0
DA:155,0
DA:156,0
DA:157,0
DA:158,0
DA:159,0
DA:160,0
DA:161,0
DA:162,0
DA:163,0
DA:164,0
DA:168,0
DA:169,0
DA:170,0
DA:171,0
DA:172,0
DA:173,0
DA:174,0
DA:175,0
DA:176,0
DA:177,0
DA:178,0
DA:182,0
DA:183,0
DA:184,0
DA:185,0
DA:186,0
DA:187,0
DA:188,0
DA:189,0
DA:190,0
DA:191,0
DA:192,0
DA:193,0
DA:203,0
DA:208,0
DA:209,0
DA:211,0
DA:213,0
DA:214,0
DA:215,0
DA:216,0
DA:220,0
DA:221,0
DA:222,0
DA:223,0
DA:227,0
DA:228,0
DA:240,0
DA:247,0
DA:248,0
DA:250,0
DA:252,0
DA:253,0
DA:254,0
DA:255,0
DA:256,0
DA:257,0
DA:261,0
DA:262,0
DA:263,0
DA:264,0
DA:265,0
DA:266,0
DA:270,0
DA:271,0
DA:280,0
DA:285,0
DA:286,0
DA:288,0
DA:290,0
DA:291,0
DA:292,0
DA:293,0
DA:297,0
DA:298,0
DA:299,0
DA:300,0
DA:304,0
DA:305,0
LF:143
LH:0
end_of_record
SF:lib/features/s_marketplace/data/model/s_marketplace_model.g.dart
DA:9,0
DA:10,0
DA:11,0
DA:12,0
DA:13,0
DA:14,0
DA:15,0
DA:16,0
DA:17,0
DA:18,0
DA:19,0
DA:21,0
DA:22,0
DA:23,0
DA:24,0
DA:25,0
DA:26,0
DA:27,0
DA:28,0
DA:29,0
DA:30,0
DA:31,0
DA:32,0
DA:35,0
DA:36,0
DA:37,0
DA:38,0
DA:39,0
DA:40,0
DA:41,0
DA:42,0
DA:43,0
DA:44,0
DA:45,0
DA:46,0
DA:47,0
DA:48,0
DA:49,0
DA:50,0
DA:51,0
DA:52,0
DA:53,0
DA:56,0
DA:57,0
DA:58,0
DA:59,0
DA:60,0
DA:61,0
DA:62,0
DA:63,0
DA:64,0
DA:65,0
DA:66,0
DA:69,0
DA:70,0
DA:71,0
DA:72,0
DA:73,0
DA:74,0
DA:75,0
DA:76,0
DA:77,0
DA:78,0
DA:79,0
DA:80,0
DA:83,0
DA:85,0
DA:86,0
DA:87,0
DA:90,0
DA:92,0
DA:93,0
DA:94,0
DA:97,0
DA:98,0
DA:99,0
DA:100,0
DA:101,0
DA:102,0
DA:105,0
DA:107,0
DA:108,0
DA:109,0
DA:110,0
DA:111,0
DA:114,0
DA:116,0
DA:117,0
DA:118,0
DA:119,0
DA:120,0
DA:123,0
DA:125,0
DA:126,0
DA:127,0
LF:95
LH:0
end_of_record
SF:lib/features/s_marketplace/domain/entity/s_marketplace_entity.dart
DA:22,0
DA:41,0
DA:42,0
DA:43,0
DA:44,0
DA:45,0
DA:46,0
DA:47,0
DA:48,0
DA:49,0
DA:50,0
DA:51,0
DA:52,0
DA:53,0
DA:54,0
DA:55,0
DA:56,0
DA:57,0
DA:58,0
DA:74,0
DA:86,0
DA:87,0
DA:88,0
DA:89,0
DA:90,0
DA:91,0
DA:92,0
DA:93,0
DA:94,0
DA:95,0
DA:96,0
DA:105,0
DA:110,0
DA:111,0
DA:121,0
DA:128,0
DA:129,0
DA:137,0
DA:142,0
DA:143,0
LF:40
LH:0
end_of_record
SF:lib/features/s_marketplace/domain/entity/request_transfer_entity.dart
DA:5,0
DA:10,0
DA:13,0
DA:14,0
DA:15,0
DA:16,0
DA:18,0
DA:19,0
DA:21,0
DA:23,0
LF:10
LH:0
end_of_record
SF:lib/features/s_marketplace/presentation/view_model/s_marketplace_event.dart
DA:14,0
LF:1
LH:0
end_of_record
SF:lib/features/s_marketplace/presentation/view_model/s_marketplace_state.dart
DA:10,0
DA:17,4
DA:23,0
DA:29,0
DA:30,0
DA:31,0
DA:32,0
DA:33,0
DA:37,0
DA:38,0
LF:10
LH:1
end_of_record
SF:lib/features/splash/presentation/view_model/splash_event.dart
DA:4,0
DA:6,0
DA:7,0
LF:3
LH:0
end_of_record
SF:lib/features/splash/presentation/view_model/splash_state.dart
DA:14,0
DA:17,4
DA:20,0
DA:21,0
DA:22,0
DA:26,0
DA:27,0
LF:7
LH:1
end_of_record
